{"/Users/matt.davis/personal/outputcache/index.js":{"path":"/Users/matt.davis/personal/outputcache/index.js","s":{"1":3,"2":3,"3":3,"4":3,"5":3,"6":3,"7":1,"8":4,"9":4,"10":4,"11":4,"12":4,"13":4,"14":4,"15":4,"16":3,"17":15,"18":15,"19":15,"20":10,"21":15,"22":15,"23":15,"24":15,"25":15,"26":15,"27":2,"28":2,"29":13,"30":13,"31":29,"32":29,"33":29,"34":1,"35":1,"36":28,"37":28,"38":28,"39":28,"40":22,"41":22,"42":3,"43":28,"44":28,"45":28,"46":15,"47":15,"48":15,"49":14,"50":14,"51":14,"52":14,"53":14,"54":14,"55":14,"56":15,"57":1,"58":1,"59":1,"60":1,"61":1,"62":1,"63":1,"64":1,"65":15,"66":13,"67":13,"68":13,"69":13,"70":13,"71":10,"72":13,"73":1,"74":1,"75":1,"76":12,"77":9,"78":12,"79":3,"80":3},"b":{"1":[4,0],"2":[4,4],"3":[4,3],"4":[10,5],"5":[10,10],"6":[2,13],"7":[2,2],"8":[13,1,1],"9":[29,0,29],"10":[1,28],"11":[2,26],"12":[22,6],"13":[28,28,22,22],"14":[3,19],"15":[15,13],"16":[0,14],"17":[0,14],"18":[0,14],"19":[14,0],"20":[10,3],"21":[13,10],"22":[1,12],"23":[1,0],"24":[9,3]},"f":{"1":4,"2":15,"3":15,"4":15,"5":29,"6":14,"7":1},"fnMap":{"1":{"name":"OutputCache","line":14,"loc":{"start":{"line":14,"column":0},"end":{"line":14,"column":30}}},"2":{"name":"onSetHeaders","line":33,"loc":{"start":{"line":33,"column":25},"end":{"line":33,"column":77}}},"3":{"name":"onGetTtlFromStr","line":48,"loc":{"start":{"line":48,"column":20},"end":{"line":48,"column":50}}},"4":{"name":"onSetLocalCache","line":57,"loc":{"start":{"line":57,"column":17},"end":{"line":57,"column":83}}},"5":{"name":"onOutputCache","line":70,"loc":{"start":{"line":70,"column":13},"end":{"line":70,"column":52}}},"6":{"name":"onOverrideSend","line":117,"loc":{"start":{"line":117,"column":15},"end":{"line":117,"column":45}}},"7":{"name":"onOverrideRedirect","line":143,"loc":{"start":{"line":143,"column":19},"end":{"line":143,"column":64}}}},"statementMap":{"1":{"start":{"line":2,"column":0},"end":{"line":2,"column":46}},"2":{"start":{"line":4,"column":0},"end":{"line":4,"column":26}},"3":{"start":{"line":7,"column":0},"end":{"line":7,"column":13}},"4":{"start":{"line":8,"column":0},"end":{"line":8,"column":25}},"5":{"start":{"line":9,"column":0},"end":{"line":9,"column":27}},"6":{"start":{"line":12,"column":0},"end":{"line":12,"column":16}},"7":{"start":{"line":14,"column":0},"end":{"line":26,"column":1}},"8":{"start":{"line":16,"column":1},"end":{"line":16,"column":26}},"9":{"start":{"line":17,"column":1},"end":{"line":17,"column":25}},"10":{"start":{"line":18,"column":1},"end":{"line":18,"column":35}},"11":{"start":{"line":19,"column":1},"end":{"line":19,"column":31}},"12":{"start":{"line":20,"column":1},"end":{"line":20,"column":41}},"13":{"start":{"line":21,"column":1},"end":{"line":21,"column":47}},"14":{"start":{"line":22,"column":1},"end":{"line":22,"column":45}},"15":{"start":{"line":25,"column":4},"end":{"line":25,"column":130}},"16":{"start":{"line":29,"column":0},"end":{"line":209,"column":1}},"17":{"start":{"line":36,"column":12},"end":{"line":36,"column":40}},"18":{"start":{"line":39,"column":3},"end":{"line":39,"column":54}},"19":{"start":{"line":41,"column":12},"end":{"line":43,"column":13}},"20":{"start":{"line":42,"column":16},"end":{"line":42,"column":99}},"21":{"start":{"line":45,"column":3},"end":{"line":45,"column":20}},"22":{"start":{"line":50,"column":3},"end":{"line":50,"column":21}},"23":{"start":{"line":51,"column":3},"end":{"line":51,"column":37}},"24":{"start":{"line":52,"column":3},"end":{"line":52,"column":43}},"25":{"start":{"line":54,"column":3},"end":{"line":54,"column":17}},"26":{"start":{"line":60,"column":3},"end":{"line":66,"column":4}},"27":{"start":{"line":61,"column":4},"end":{"line":61,"column":51}},"28":{"start":{"line":62,"column":4},"end":{"line":62,"column":56}},"29":{"start":{"line":64,"column":7},"end":{"line":64,"column":78}},"30":{"start":{"line":65,"column":4},"end":{"line":65,"column":56}},"31":{"start":{"line":73,"column":8},"end":{"line":73,"column":41}},"32":{"start":{"line":76,"column":2},"end":{"line":76,"column":131}},"33":{"start":{"line":78,"column":2},"end":{"line":83,"column":3}},"34":{"start":{"line":80,"column":3},"end":{"line":80,"column":37}},"35":{"start":{"line":82,"column":3},"end":{"line":82,"column":17}},"36":{"start":{"line":86,"column":2},"end":{"line":86,"column":95}},"37":{"start":{"line":89,"column":2},"end":{"line":89,"column":28}},"38":{"start":{"line":90,"column":2},"end":{"line":90,"column":47}},"39":{"start":{"line":92,"column":2},"end":{"line":101,"column":3}},"40":{"start":{"line":94,"column":3},"end":{"line":99,"column":4}},"41":{"start":{"line":95,"column":4},"end":{"line":98,"column":5}},"42":{"start":{"line":97,"column":5},"end":{"line":97,"column":60}},"43":{"start":{"line":104,"column":2},"end":{"line":104,"column":36}},"44":{"start":{"line":107,"column":2},"end":{"line":107,"column":46}},"45":{"start":{"line":109,"column":3},"end":{"line":205,"column":4}},"46":{"start":{"line":113,"column":4},"end":{"line":113,"column":32}},"47":{"start":{"line":114,"column":4},"end":{"line":114,"column":40}},"48":{"start":{"line":117,"column":4},"end":{"line":140,"column":5}},"49":{"start":{"line":120,"column":6},"end":{"line":120,"column":101}},"50":{"start":{"line":123,"column":12},"end":{"line":123,"column":98}},"51":{"start":{"line":126,"column":12},"end":{"line":126,"column":87}},"52":{"start":{"line":129,"column":6},"end":{"line":129,"column":108}},"53":{"start":{"line":132,"column":12},"end":{"line":132,"column":94}},"54":{"start":{"line":135,"column":12},"end":{"line":135,"column":46}},"55":{"start":{"line":138,"column":12},"end":{"line":138,"column":58}},"56":{"start":{"line":143,"column":4},"end":{"line":162,"column":5}},"57":{"start":{"line":146,"column":5},"end":{"line":146,"column":101}},"58":{"start":{"line":147,"column":5},"end":{"line":147,"column":49}},"59":{"start":{"line":148,"column":5},"end":{"line":148,"column":41}},"60":{"start":{"line":149,"column":5},"end":{"line":149,"column":38}},"61":{"start":{"line":152,"column":8},"end":{"line":152,"column":111}},"62":{"start":{"line":155,"column":14},"end":{"line":155,"column":97}},"63":{"start":{"line":158,"column":14},"end":{"line":158,"column":48}},"64":{"start":{"line":161,"column":5},"end":{"line":161,"column":50}},"65":{"start":{"line":165,"column":4},"end":{"line":165,"column":18}},"66":{"start":{"line":173,"column":4},"end":{"line":173,"column":33}},"67":{"start":{"line":175,"column":16},"end":{"line":175,"column":68}},"68":{"start":{"line":178,"column":4},"end":{"line":178,"column":40}},"69":{"start":{"line":181,"column":16},"end":{"line":181,"column":34}},"70":{"start":{"line":183,"column":16},"end":{"line":185,"column":17}},"71":{"start":{"line":184,"column":20},"end":{"line":184,"column":45}},"72":{"start":{"line":188,"column":4},"end":{"line":195,"column":5}},"73":{"start":{"line":190,"column":5},"end":{"line":192,"column":6}},"74":{"start":{"line":191,"column":6},"end":{"line":191,"column":269}},"75":{"start":{"line":194,"column":5},"end":{"line":194,"column":67}},"76":{"start":{"line":198,"column":4},"end":{"line":200,"column":5}},"77":{"start":{"line":199,"column":5},"end":{"line":199,"column":187}},"78":{"start":{"line":203,"column":4},"end":{"line":203,"column":38}},"79":{"start":{"line":212,"column":0},"end":{"line":212,"column":59}},"80":{"start":{"line":213,"column":0},"end":{"line":213,"column":29}}},"branchMap":{"1":{"line":16,"type":"binary-expr","locations":[{"start":{"line":16,"column":12},"end":{"line":16,"column":19}},{"start":{"line":16,"column":23},"end":{"line":16,"column":25}}]},"2":{"line":25,"type":"binary-expr","locations":[{"start":{"line":25,"column":46},"end":{"line":25,"column":63}},{"start":{"line":25,"column":67},"end":{"line":25,"column":82}}]},"3":{"line":25,"type":"binary-expr","locations":[{"start":{"line":25,"column":96},"end":{"line":25,"column":108}},{"start":{"line":25,"column":112},"end":{"line":25,"column":126}}]},"4":{"line":41,"type":"if","locations":[{"start":{"line":41,"column":12},"end":{"line":41,"column":12}},{"start":{"line":41,"column":12},"end":{"line":41,"column":12}}]},"5":{"line":42,"type":"binary-expr","locations":[{"start":{"line":42,"column":67},"end":{"line":42,"column":79}},{"start":{"line":42,"column":83},"end":{"line":42,"column":97}}]},"6":{"line":60,"type":"if","locations":[{"start":{"line":60,"column":3},"end":{"line":60,"column":3}},{"start":{"line":60,"column":3},"end":{"line":60,"column":3}}]},"7":{"line":61,"type":"binary-expr","locations":[{"start":{"line":61,"column":20},"end":{"line":61,"column":32}},{"start":{"line":61,"column":36},"end":{"line":61,"column":50}}]},"8":{"line":64,"type":"binary-expr","locations":[{"start":{"line":64,"column":23},"end":{"line":64,"column":41}},{"start":{"line":64,"column":46},"end":{"line":64,"column":58}},{"start":{"line":64,"column":62},"end":{"line":64,"column":76}}]},"9":{"line":76,"type":"binary-expr","locations":[{"start":{"line":76,"column":22},"end":{"line":76,"column":53}},{"start":{"line":76,"column":57},"end":{"line":76,"column":97}},{"start":{"line":76,"column":102},"end":{"line":76,"column":129}}]},"10":{"line":78,"type":"if","locations":[{"start":{"line":78,"column":2},"end":{"line":78,"column":2}},{"start":{"line":78,"column":2},"end":{"line":78,"column":2}}]},"11":{"line":86,"type":"cond-expr","locations":[{"start":{"line":86,"column":49},"end":{"line":86,"column":67}},{"start":{"line":86,"column":70},"end":{"line":86,"column":94}}]},"12":{"line":92,"type":"if","locations":[{"start":{"line":92,"column":2},"end":{"line":92,"column":2}},{"start":{"line":92,"column":2},"end":{"line":92,"column":2}}]},"13":{"line":92,"type":"binary-expr","locations":[{"start":{"line":92,"column":5},"end":{"line":92,"column":12}},{"start":{"line":92,"column":16},"end":{"line":92,"column":31}},{"start":{"line":92,"column":35},"end":{"line":92,"column":61}},{"start":{"line":92,"column":65},"end":{"line":92,"column":91}}]},"14":{"line":95,"type":"if","locations":[{"start":{"line":95,"column":4},"end":{"line":95,"column":4}},{"start":{"line":95,"column":4},"end":{"line":95,"column":4}}]},"15":{"line":109,"type":"if","locations":[{"start":{"line":109,"column":3},"end":{"line":109,"column":3}},{"start":{"line":109,"column":3},"end":{"line":109,"column":3}}]},"16":{"line":123,"type":"cond-expr","locations":[{"start":{"line":123,"column":57},"end":{"line":123,"column":58}},{"start":{"line":123,"column":62},"end":{"line":123,"column":96}}]},"17":{"line":123,"type":"cond-expr","locations":[{"start":{"line":123,"column":78},"end":{"line":123,"column":79}},{"start":{"line":123,"column":82},"end":{"line":123,"column":96}}]},"18":{"line":126,"type":"cond-expr","locations":[{"start":{"line":126,"column":55},"end":{"line":126,"column":56}},{"start":{"line":126,"column":60},"end":{"line":126,"column":85}}]},"19":{"line":126,"type":"cond-expr","locations":[{"start":{"line":126,"column":77},"end":{"line":126,"column":78}},{"start":{"line":126,"column":81},"end":{"line":126,"column":85}}]},"20":{"line":183,"type":"if","locations":[{"start":{"line":183,"column":16},"end":{"line":183,"column":16}},{"start":{"line":183,"column":16},"end":{"line":183,"column":16}}]},"21":{"line":183,"type":"binary-expr","locations":[{"start":{"line":183,"column":19},"end":{"line":183,"column":34}},{"start":{"line":183,"column":38},"end":{"line":183,"column":58}}]},"22":{"line":188,"type":"if","locations":[{"start":{"line":188,"column":4},"end":{"line":188,"column":4}},{"start":{"line":188,"column":4},"end":{"line":188,"column":4}}]},"23":{"line":190,"type":"if","locations":[{"start":{"line":190,"column":5},"end":{"line":190,"column":5}},{"start":{"line":190,"column":5},"end":{"line":190,"column":5},"skip":true}]},"24":{"line":198,"type":"if","locations":[{"start":{"line":198,"column":4},"end":{"line":198,"column":4}},{"start":{"line":198,"column":4},"end":{"line":198,"column":4}}]}}}}