TN:
SF:/Users/matt.davis/personal/outputcache/index.js
FN:14,OutputCache
FN:33,onSetHeaders
FN:48,onGetTtlFromStr
FN:57,onSetLocalCache
FN:70,onOutputCache
FN:117,onOverrideSend
FN:143,onOverrideRedirect
FNF:7
FNH:7
FNDA:4,OutputCache
FNDA:15,onSetHeaders
FNDA:15,onGetTtlFromStr
FNDA:15,onSetLocalCache
FNDA:29,onOutputCache
FNDA:14,onOverrideSend
FNDA:1,onOverrideRedirect
DA:2,3
DA:4,3
DA:7,3
DA:8,3
DA:9,3
DA:12,3
DA:14,1
DA:16,4
DA:17,4
DA:18,4
DA:19,4
DA:20,4
DA:21,4
DA:22,4
DA:25,4
DA:29,3
DA:36,15
DA:39,15
DA:41,15
DA:42,10
DA:45,15
DA:50,15
DA:51,15
DA:52,15
DA:54,15
DA:60,15
DA:61,2
DA:62,2
DA:64,13
DA:65,13
DA:73,29
DA:76,29
DA:78,29
DA:80,1
DA:82,1
DA:86,28
DA:89,28
DA:90,28
DA:92,28
DA:94,22
DA:95,22
DA:97,3
DA:104,28
DA:107,28
DA:109,28
DA:113,15
DA:114,15
DA:117,15
DA:120,14
DA:123,14
DA:126,14
DA:129,14
DA:132,14
DA:135,14
DA:138,14
DA:143,15
DA:146,1
DA:147,1
DA:148,1
DA:149,1
DA:152,1
DA:155,1
DA:158,1
DA:161,1
DA:165,15
DA:173,13
DA:175,13
DA:178,13
DA:181,13
DA:183,13
DA:184,10
DA:188,13
DA:190,1
DA:191,1
DA:194,1
DA:198,12
DA:199,9
DA:203,12
DA:212,3
DA:213,3
LF:80
LH:80
BRDA:16,1,0,4
BRDA:16,1,1,0
BRDA:25,2,0,4
BRDA:25,2,1,4
BRDA:25,3,0,4
BRDA:25,3,1,3
BRDA:41,4,0,10
BRDA:41,4,1,5
BRDA:42,5,0,10
BRDA:42,5,1,10
BRDA:60,6,0,2
BRDA:60,6,1,13
BRDA:61,7,0,2
BRDA:61,7,1,2
BRDA:64,8,0,13
BRDA:64,8,1,1
BRDA:64,8,2,1
BRDA:76,9,0,29
BRDA:76,9,1,0
BRDA:76,9,2,29
BRDA:78,10,0,1
BRDA:78,10,1,28
BRDA:86,11,0,2
BRDA:86,11,1,26
BRDA:92,12,0,22
BRDA:92,12,1,6
BRDA:92,13,0,28
BRDA:92,13,1,28
BRDA:92,13,2,22
BRDA:92,13,3,22
BRDA:95,14,0,3
BRDA:95,14,1,19
BRDA:109,15,0,15
BRDA:109,15,1,13
BRDA:123,16,0,0
BRDA:123,16,1,14
BRDA:123,17,0,0
BRDA:123,17,1,14
BRDA:126,18,0,0
BRDA:126,18,1,14
BRDA:126,19,0,14
BRDA:126,19,1,0
BRDA:183,20,0,10
BRDA:183,20,1,3
BRDA:183,21,0,13
BRDA:183,21,1,10
BRDA:188,22,0,1
BRDA:188,22,1,12
BRDA:190,23,0,1
BRDA:190,23,1,0
BRDA:198,24,0,9
BRDA:198,24,1,3
BRF:52
BRH:46
end_of_record
